2015-09-02T11:27:09+00:00 NOTICE (5): Page not found
2015-09-02T11:27:09+00:00 NOTICE (5): Invalid controller specified (favicon.ico)
2015-09-02T11:27:09+00:00 NOTICE (5): #0 /var/www/ZendTestProject/library/Zend/Controller/Front.php(954): Zend_Controller_Dispatcher_Standard->dispatch(Object(Zend_Controller_Request_Http), Object(Zend_Controller_Response_Http))
#1 /var/www/ZendTestProject/library/Zend/Application/Bootstrap/Bootstrap.php(97): Zend_Controller_Front->dispatch()
#2 /var/www/ZendTestProject/init.php(34): Zend_Application_Bootstrap_Bootstrap->run()
#3 /var/www/ZendTestProject/public/index.php(3): Application::run()
#4 {main}
2015-09-02T11:27:09+00:00 NOTICE (5): array (
  'controller' => 'favicon.ico',
  'action' => 'index',
  'module' => 'default',
)
2015-09-03T11:46:42+00:00 CRIT (2): Application error
2015-09-03T11:46:42+00:00 CRIT (2): An exception occurred while executing 'INSERT INTO users (firstname, lastname, password, email, status, country, city, address, added_date) VALUES (?, ?, ?, ?, ?, ?, ?, ?, ?)' with params [null, "Kim", "password", "hazel@catmail.com", null, null, null, null, "2015-09-03 11:46:42"]:

SQLSTATE[23000]: Integrity constraint violation: 1048 Column 'firstname' cannot be null
2015-09-03T11:46:42+00:00 CRIT (2): #0 /var/www/ZendTestProject/vendor/doctrine/dbal/lib/Doctrine/DBAL/DBALException.php(116): Doctrine\DBAL\Driver\AbstractMySQLDriver->convertException('An exception oc...', Object(Doctrine\DBAL\Driver\PDOException))
#1 /var/www/ZendTestProject/vendor/doctrine/dbal/lib/Doctrine/DBAL/Statement.php(172): Doctrine\DBAL\DBALException::driverExceptionDuringQuery(Object(Doctrine\DBAL\Driver\PDOMySql\Driver), Object(Doctrine\DBAL\Driver\PDOException), 'INSERT INTO use...', Array)
#2 /var/www/ZendTestProject/vendor/doctrine/orm/lib/Doctrine/ORM/Persisters/Entity/BasicEntityPersister.php(281): Doctrine\DBAL\Statement->execute()
#3 /var/www/ZendTestProject/vendor/doctrine/orm/lib/Doctrine/ORM/UnitOfWork.php(1018): Doctrine\ORM\Persisters\Entity\BasicEntityPersister->executeInserts()
#4 /var/www/ZendTestProject/vendor/doctrine/orm/lib/Doctrine/ORM/UnitOfWork.php(378): Doctrine\ORM\UnitOfWork->executeInserts(Object(Doctrine\ORM\Mapping\ClassMetadata))
#5 /var/www/ZendTestProject/vendor/doctrine/orm/lib/Doctrine/ORM/EntityManager.php(356): Doctrine\ORM\UnitOfWork->commit(NULL)
#6 /var/www/ZendTestProject/application/modules/default/controllers/IndexController.php(23): Doctrine\ORM\EntityManager->flush()
#7 /var/www/ZendTestProject/library/Zend/Controller/Action.php(516): IndexController->indexAction()
#8 /var/www/ZendTestProject/library/Zend/Controller/Dispatcher/Standard.php(308): Zend_Controller_Action->dispatch('indexAction')
#9 /var/www/ZendTestProject/library/Zend/Controller/Front.php(954): Zend_Controller_Dispatcher_Standard->dispatch(Object(Zend_Controller_Request_Http), Object(Zend_Controller_Response_Http))
#10 /var/www/ZendTestProject/library/Zend/Application/Bootstrap/Bootstrap.php(97): Zend_Controller_Front->dispatch()
#11 /var/www/ZendTestProject/init.php(34): Zend_Application_Bootstrap_Bootstrap->run()
#12 /var/www/ZendTestProject/public/index.php(3): Application::run()
#13 {main}
2015-09-03T11:46:42+00:00 CRIT (2): array (
  'controller' => 'index',
  'action' => 'index',
  'module' => 'default',
)
2015-09-03T11:48:49+00:00 CRIT (2): Application error
2015-09-03T11:48:49+00:00 CRIT (2): An exception occurred while executing 'INSERT INTO users (firstname, lastname, password, email, status, country, city, address, added_date) VALUES (?, ?, ?, ?, ?, ?, ?, ?, ?)' with params ["Hazel", "Kim", "password", "hazel@catmail.com", null, null, null, null, "2015-09-03 11:48:49"]:

SQLSTATE[23000]: Integrity constraint violation: 1048 Column 'status' cannot be null
2015-09-03T11:48:49+00:00 CRIT (2): #0 /var/www/ZendTestProject/vendor/doctrine/dbal/lib/Doctrine/DBAL/DBALException.php(116): Doctrine\DBAL\Driver\AbstractMySQLDriver->convertException('An exception oc...', Object(Doctrine\DBAL\Driver\PDOException))
#1 /var/www/ZendTestProject/vendor/doctrine/dbal/lib/Doctrine/DBAL/Statement.php(172): Doctrine\DBAL\DBALException::driverExceptionDuringQuery(Object(Doctrine\DBAL\Driver\PDOMySql\Driver), Object(Doctrine\DBAL\Driver\PDOException), 'INSERT INTO use...', Array)
#2 /var/www/ZendTestProject/vendor/doctrine/orm/lib/Doctrine/ORM/Persisters/Entity/BasicEntityPersister.php(281): Doctrine\DBAL\Statement->execute()
#3 /var/www/ZendTestProject/vendor/doctrine/orm/lib/Doctrine/ORM/UnitOfWork.php(1018): Doctrine\ORM\Persisters\Entity\BasicEntityPersister->executeInserts()
#4 /var/www/ZendTestProject/vendor/doctrine/orm/lib/Doctrine/ORM/UnitOfWork.php(378): Doctrine\ORM\UnitOfWork->executeInserts(Object(Doctrine\ORM\Mapping\ClassMetadata))
#5 /var/www/ZendTestProject/vendor/doctrine/orm/lib/Doctrine/ORM/EntityManager.php(356): Doctrine\ORM\UnitOfWork->commit(NULL)
#6 /var/www/ZendTestProject/application/modules/default/controllers/IndexController.php(23): Doctrine\ORM\EntityManager->flush()
#7 /var/www/ZendTestProject/library/Zend/Controller/Action.php(516): IndexController->indexAction()
#8 /var/www/ZendTestProject/library/Zend/Controller/Dispatcher/Standard.php(308): Zend_Controller_Action->dispatch('indexAction')
#9 /var/www/ZendTestProject/library/Zend/Controller/Front.php(954): Zend_Controller_Dispatcher_Standard->dispatch(Object(Zend_Controller_Request_Http), Object(Zend_Controller_Response_Http))
#10 /var/www/ZendTestProject/library/Zend/Application/Bootstrap/Bootstrap.php(97): Zend_Controller_Front->dispatch()
#11 /var/www/ZendTestProject/init.php(34): Zend_Application_Bootstrap_Bootstrap->run()
#12 /var/www/ZendTestProject/public/index.php(3): Application::run()
#13 {main}
2015-09-03T11:48:49+00:00 CRIT (2): array (
  'controller' => 'index',
  'action' => 'index',
  'module' => 'default',
)
2015-09-04T11:28:59+00:00 CRIT (2): Application error
2015-09-04T11:28:59+00:00 CRIT (2): Class 'Application_Repositories_Users' does not exist
2015-09-04T11:28:59+00:00 CRIT (2): #0 /var/www/ZendTestProject/vendor/doctrine/common/lib/Doctrine/Common/Persistence/Mapping/RuntimeReflectionService.php(41): Doctrine\Common\Persistence\Mapping\MappingException::nonExistingClass('Application_Rep...')
#1 /var/www/ZendTestProject/vendor/doctrine/common/lib/Doctrine/Common/Persistence/Mapping/AbstractClassMetadataFactory.php(281): Doctrine\Common\Persistence\Mapping\RuntimeReflectionService->getParentClasses('Application_Rep...')
#2 /var/www/ZendTestProject/vendor/doctrine/common/lib/Doctrine/Common/Persistence/Mapping/AbstractClassMetadataFactory.php(311): Doctrine\Common\Persistence\Mapping\AbstractClassMetadataFactory->getParentClasses('Application_Rep...')
#3 /var/www/ZendTestProject/vendor/doctrine/orm/lib/Doctrine/ORM/Mapping/ClassMetadataFactory.php(78): Doctrine\Common\Persistence\Mapping\AbstractClassMetadataFactory->loadMetadata('Application_Rep...')
#4 /var/www/ZendTestProject/vendor/doctrine/common/lib/Doctrine/Common/Persistence/Mapping/AbstractClassMetadataFactory.php(216): Doctrine\ORM\Mapping\ClassMetadataFactory->loadMetadata('Application_Rep...')
#5 /var/www/ZendTestProject/vendor/doctrine/orm/lib/Doctrine/ORM/EntityManager.php(281): Doctrine\Common\Persistence\Mapping\AbstractClassMetadataFactory->getMetadataFor('Application_Rep...')
#6 /var/www/ZendTestProject/vendor/doctrine/orm/lib/Doctrine/ORM/Repository/DefaultRepositoryFactory.php(44): Doctrine\ORM\EntityManager->getClassMetadata('Application_Rep...')
#7 /var/www/ZendTestProject/vendor/doctrine/orm/lib/Doctrine/ORM/EntityManager.php(698): Doctrine\ORM\Repository\DefaultRepositoryFactory->getRepository(Object(Doctrine\ORM\EntityManager), 'Application_Rep...')
#8 /var/www/ZendTestProject/application/modules/default/controllers/IndexController.php(15): Doctrine\ORM\EntityManager->getRepository('Application_Rep...')
#9 /var/www/ZendTestProject/library/Zend/Controller/Action.php(516): IndexController->indexAction()
#10 /var/www/ZendTestProject/library/Zend/Controller/Dispatcher/Standard.php(308): Zend_Controller_Action->dispatch('indexAction')
#11 /var/www/ZendTestProject/library/Zend/Controller/Front.php(954): Zend_Controller_Dispatcher_Standard->dispatch(Object(Zend_Controller_Request_Http), Object(Zend_Controller_Response_Http))
#12 /var/www/ZendTestProject/library/Zend/Application/Bootstrap/Bootstrap.php(97): Zend_Controller_Front->dispatch()
#13 /var/www/ZendTestProject/init.php(34): Zend_Application_Bootstrap_Bootstrap->run()
#14 /var/www/ZendTestProject/public/index.php(3): Application::run()
#15 {main}
2015-09-04T11:28:59+00:00 CRIT (2): array (
  'controller' => 'index',
  'action' => 'index',
  'module' => 'default',
)
2015-09-04T11:30:58+00:00 CRIT (2): Application error
2015-09-04T11:30:58+00:00 CRIT (2): Class 'Application_Repository_Users' does not exist
2015-09-04T11:30:58+00:00 CRIT (2): #0 /var/www/ZendTestProject/vendor/doctrine/common/lib/Doctrine/Common/Persistence/Mapping/RuntimeReflectionService.php(41): Doctrine\Common\Persistence\Mapping\MappingException::nonExistingClass('Application_Rep...')
#1 /var/www/ZendTestProject/vendor/doctrine/common/lib/Doctrine/Common/Persistence/Mapping/AbstractClassMetadataFactory.php(281): Doctrine\Common\Persistence\Mapping\RuntimeReflectionService->getParentClasses('Application_Rep...')
#2 /var/www/ZendTestProject/vendor/doctrine/common/lib/Doctrine/Common/Persistence/Mapping/AbstractClassMetadataFactory.php(311): Doctrine\Common\Persistence\Mapping\AbstractClassMetadataFactory->getParentClasses('Application_Rep...')
#3 /var/www/ZendTestProject/vendor/doctrine/orm/lib/Doctrine/ORM/Mapping/ClassMetadataFactory.php(78): Doctrine\Common\Persistence\Mapping\AbstractClassMetadataFactory->loadMetadata('Application_Rep...')
#4 /var/www/ZendTestProject/vendor/doctrine/common/lib/Doctrine/Common/Persistence/Mapping/AbstractClassMetadataFactory.php(216): Doctrine\ORM\Mapping\ClassMetadataFactory->loadMetadata('Application_Rep...')
#5 /var/www/ZendTestProject/vendor/doctrine/orm/lib/Doctrine/ORM/EntityManager.php(281): Doctrine\Common\Persistence\Mapping\AbstractClassMetadataFactory->getMetadataFor('Application_Rep...')
#6 /var/www/ZendTestProject/vendor/doctrine/orm/lib/Doctrine/ORM/Repository/DefaultRepositoryFactory.php(44): Doctrine\ORM\EntityManager->getClassMetadata('Application_Rep...')
#7 /var/www/ZendTestProject/vendor/doctrine/orm/lib/Doctrine/ORM/EntityManager.php(698): Doctrine\ORM\Repository\DefaultRepositoryFactory->getRepository(Object(Doctrine\ORM\EntityManager), 'Application_Rep...')
#8 /var/www/ZendTestProject/application/modules/default/controllers/IndexController.php(15): Doctrine\ORM\EntityManager->getRepository('Application_Rep...')
#9 /var/www/ZendTestProject/library/Zend/Controller/Action.php(516): IndexController->indexAction()
#10 /var/www/ZendTestProject/library/Zend/Controller/Dispatcher/Standard.php(308): Zend_Controller_Action->dispatch('indexAction')
#11 /var/www/ZendTestProject/library/Zend/Controller/Front.php(954): Zend_Controller_Dispatcher_Standard->dispatch(Object(Zend_Controller_Request_Http), Object(Zend_Controller_Response_Http))
#12 /var/www/ZendTestProject/library/Zend/Application/Bootstrap/Bootstrap.php(97): Zend_Controller_Front->dispatch()
#13 /var/www/ZendTestProject/init.php(34): Zend_Application_Bootstrap_Bootstrap->run()
#14 /var/www/ZendTestProject/public/index.php(3): Application::run()
#15 {main}
2015-09-04T11:30:58+00:00 CRIT (2): array (
  'controller' => 'index',
  'action' => 'index',
  'module' => 'default',
)
2015-09-04T11:33:31+00:00 CRIT (2): Application error
2015-09-04T11:33:31+00:00 CRIT (2): Class "Application_Model_UsersRepository" sub class of "Doctrine\ORM\EntityRepository" is not a valid entity or mapped super class.
2015-09-04T11:33:31+00:00 CRIT (2): #0 /var/www/ZendTestProject/vendor/doctrine/orm/lib/Doctrine/ORM/Mapping/Driver/AnnotationDriver.php(91): Doctrine\ORM\Mapping\MappingException::classIsNotAValidEntityOrMappedSuperClass('Application_Mod...')
#1 /var/www/ZendTestProject/vendor/doctrine/orm/lib/Doctrine/ORM/Mapping/ClassMetadataFactory.php(151): Doctrine\ORM\Mapping\Driver\AnnotationDriver->loadMetadataForClass('Application_Mod...', Object(Doctrine\ORM\Mapping\ClassMetadata))
#2 /var/www/ZendTestProject/vendor/doctrine/common/lib/Doctrine/Common/Persistence/Mapping/AbstractClassMetadataFactory.php(332): Doctrine\ORM\Mapping\ClassMetadataFactory->doLoadMetadata(Object(Doctrine\ORM\Mapping\ClassMetadata), NULL, false, Array)
#3 /var/www/ZendTestProject/vendor/doctrine/orm/lib/Doctrine/ORM/Mapping/ClassMetadataFactory.php(78): Doctrine\Common\Persistence\Mapping\AbstractClassMetadataFactory->loadMetadata('Application_Mod...')
#4 /var/www/ZendTestProject/vendor/doctrine/common/lib/Doctrine/Common/Persistence/Mapping/AbstractClassMetadataFactory.php(216): Doctrine\ORM\Mapping\ClassMetadataFactory->loadMetadata('Application_Mod...')
#5 /var/www/ZendTestProject/vendor/doctrine/orm/lib/Doctrine/ORM/EntityManager.php(281): Doctrine\Common\Persistence\Mapping\AbstractClassMetadataFactory->getMetadataFor('Application_Mod...')
#6 /var/www/ZendTestProject/vendor/doctrine/orm/lib/Doctrine/ORM/Repository/DefaultRepositoryFactory.php(44): Doctrine\ORM\EntityManager->getClassMetadata('Application_Mod...')
#7 /var/www/ZendTestProject/vendor/doctrine/orm/lib/Doctrine/ORM/EntityManager.php(698): Doctrine\ORM\Repository\DefaultRepositoryFactory->getRepository(Object(Doctrine\ORM\EntityManager), 'Application_Mod...')
#8 /var/www/ZendTestProject/application/modules/default/controllers/IndexController.php(15): Doctrine\ORM\EntityManager->getRepository('Application_Mod...')
#9 /var/www/ZendTestProject/library/Zend/Controller/Action.php(516): IndexController->indexAction()
#10 /var/www/ZendTestProject/library/Zend/Controller/Dispatcher/Standard.php(308): Zend_Controller_Action->dispatch('indexAction')
#11 /var/www/ZendTestProject/library/Zend/Controller/Front.php(954): Zend_Controller_Dispatcher_Standard->dispatch(Object(Zend_Controller_Request_Http), Object(Zend_Controller_Response_Http))
#12 /var/www/ZendTestProject/library/Zend/Application/Bootstrap/Bootstrap.php(97): Zend_Controller_Front->dispatch()
#13 /var/www/ZendTestProject/init.php(34): Zend_Application_Bootstrap_Bootstrap->run()
#14 /var/www/ZendTestProject/public/index.php(3): Application::run()
#15 {main}
2015-09-04T11:33:31+00:00 CRIT (2): array (
  'controller' => 'index',
  'action' => 'index',
  'module' => 'default',
)
2015-09-04T11:38:11+00:00 CRIT (2): Application error
2015-09-04T11:38:11+00:00 CRIT (2): Class "Application_Model_UsersRepository" sub class of "Doctrine\ORM\EntityRepository" is not a valid entity or mapped super class.
2015-09-04T11:38:11+00:00 CRIT (2): #0 /var/www/ZendTestProject/vendor/doctrine/orm/lib/Doctrine/ORM/Mapping/Driver/AnnotationDriver.php(91): Doctrine\ORM\Mapping\MappingException::classIsNotAValidEntityOrMappedSuperClass('Application_Mod...')
#1 /var/www/ZendTestProject/vendor/doctrine/orm/lib/Doctrine/ORM/Mapping/ClassMetadataFactory.php(151): Doctrine\ORM\Mapping\Driver\AnnotationDriver->loadMetadataForClass('Application_Mod...', Object(Doctrine\ORM\Mapping\ClassMetadata))
#2 /var/www/ZendTestProject/vendor/doctrine/common/lib/Doctrine/Common/Persistence/Mapping/AbstractClassMetadataFactory.php(332): Doctrine\ORM\Mapping\ClassMetadataFactory->doLoadMetadata(Object(Doctrine\ORM\Mapping\ClassMetadata), NULL, false, Array)
#3 /var/www/ZendTestProject/vendor/doctrine/orm/lib/Doctrine/ORM/Mapping/ClassMetadataFactory.php(78): Doctrine\Common\Persistence\Mapping\AbstractClassMetadataFactory->loadMetadata('Application_Mod...')
#4 /var/www/ZendTestProject/vendor/doctrine/common/lib/Doctrine/Common/Persistence/Mapping/AbstractClassMetadataFactory.php(216): Doctrine\ORM\Mapping\ClassMetadataFactory->loadMetadata('Application_Mod...')
#5 /var/www/ZendTestProject/vendor/doctrine/orm/lib/Doctrine/ORM/EntityManager.php(281): Doctrine\Common\Persistence\Mapping\AbstractClassMetadataFactory->getMetadataFor('Application_Mod...')
#6 /var/www/ZendTestProject/vendor/doctrine/orm/lib/Doctrine/ORM/Repository/DefaultRepositoryFactory.php(44): Doctrine\ORM\EntityManager->getClassMetadata('Application_Mod...')
#7 /var/www/ZendTestProject/vendor/doctrine/orm/lib/Doctrine/ORM/EntityManager.php(698): Doctrine\ORM\Repository\DefaultRepositoryFactory->getRepository(Object(Doctrine\ORM\EntityManager), 'Application_Mod...')
#8 /var/www/ZendTestProject/application/modules/default/controllers/IndexController.php(15): Doctrine\ORM\EntityManager->getRepository('Application_Mod...')
#9 /var/www/ZendTestProject/library/Zend/Controller/Action.php(516): IndexController->indexAction()
#10 /var/www/ZendTestProject/library/Zend/Controller/Dispatcher/Standard.php(308): Zend_Controller_Action->dispatch('indexAction')
#11 /var/www/ZendTestProject/library/Zend/Controller/Front.php(954): Zend_Controller_Dispatcher_Standard->dispatch(Object(Zend_Controller_Request_Http), Object(Zend_Controller_Response_Http))
#12 /var/www/ZendTestProject/library/Zend/Application/Bootstrap/Bootstrap.php(97): Zend_Controller_Front->dispatch()
#13 /var/www/ZendTestProject/init.php(34): Zend_Application_Bootstrap_Bootstrap->run()
#14 /var/www/ZendTestProject/public/index.php(3): Application::run()
#15 {main}
2015-09-04T11:38:11+00:00 CRIT (2): array (
  'controller' => 'index',
  'action' => 'index',
  'module' => 'default',
)
2015-09-04T12:02:17+00:00 NOTICE (5): Page not found
2015-09-04T12:02:17+00:00 NOTICE (5): Invalid controller specified (index)
2015-09-04T12:02:17+00:00 NOTICE (5): #0 /var/www/ZendTestProject/library/Zend/Controller/Front.php(954): Zend_Controller_Dispatcher_Standard->dispatch(Object(Zend_Controller_Request_Http), Object(Zend_Controller_Response_Http))
#1 /var/www/ZendTestProject/library/Zend/Application/Bootstrap/Bootstrap.php(97): Zend_Controller_Front->dispatch()
#2 /var/www/ZendTestProject/init.php(34): Zend_Application_Bootstrap_Bootstrap->run()
#3 /var/www/ZendTestProject/public/index.php(3): Application::run()
#4 {main}
2015-09-04T12:02:17+00:00 NOTICE (5): array (
  'controller' => 'index',
  'action' => 'index',
  'module' => 'default',
)
2015-09-04T15:25:01+00:00 NOTICE (5): Page not found
2015-09-04T15:25:01+00:00 NOTICE (5): Invalid controller specified (favicon.ico)
2015-09-04T15:25:01+00:00 NOTICE (5): #0 /var/www/ZendTestProject/library/Zend/Controller/Front.php(954): Zend_Controller_Dispatcher_Standard->dispatch(Object(Zend_Controller_Request_Http), Object(Zend_Controller_Response_Http))
#1 /var/www/ZendTestProject/library/Zend/Application/Bootstrap/Bootstrap.php(97): Zend_Controller_Front->dispatch()
#2 /var/www/ZendTestProject/library/Zend/Application.php(366): Zend_Application_Bootstrap_Bootstrap->run()
#3 /var/www/ZendTestProject/public/index.php(25): Zend_Application->run()
#4 {main}
2015-09-04T15:25:01+00:00 NOTICE (5): array (
  'controller' => 'favicon.ico',
  'action' => 'index',
  'module' => 'default',
)
2015-09-04T15:25:01+00:00 NOTICE (5): Page not found
2015-09-04T15:25:01+00:00 NOTICE (5): Invalid controller specified (favicon.ico)
2015-09-04T15:25:01+00:00 NOTICE (5): #0 /var/www/ZendTestProject/library/Zend/Controller/Front.php(954): Zend_Controller_Dispatcher_Standard->dispatch(Object(Zend_Controller_Request_Http), Object(Zend_Controller_Response_Http))
#1 /var/www/ZendTestProject/library/Zend/Application/Bootstrap/Bootstrap.php(97): Zend_Controller_Front->dispatch()
#2 /var/www/ZendTestProject/library/Zend/Application.php(366): Zend_Application_Bootstrap_Bootstrap->run()
#3 /var/www/ZendTestProject/public/index.php(25): Zend_Application->run()
#4 {main}
2015-09-04T15:25:01+00:00 NOTICE (5): array (
  'controller' => 'favicon.ico',
  'action' => 'index',
  'module' => 'default',
)
2015-09-04T17:45:14+00:00 NOTICE (5): Page not found
2015-09-04T17:45:14+00:00 NOTICE (5): Invalid controller specified (DemoPartials)
2015-09-04T17:45:14+00:00 NOTICE (5): #0 /var/www/ZendTestProject/library/Zend/Controller/Front.php(954): Zend_Controller_Dispatcher_Standard->dispatch(Object(Zend_Controller_Request_Http), Object(Zend_Controller_Response_Http))
#1 /var/www/ZendTestProject/library/Zend/Application/Bootstrap/Bootstrap.php(97): Zend_Controller_Front->dispatch()
#2 /var/www/ZendTestProject/library/Zend/Application.php(366): Zend_Application_Bootstrap_Bootstrap->run()
#3 /var/www/ZendTestProject/public/index.php(25): Zend_Application->run()
#4 {main}
2015-09-04T17:45:14+00:00 NOTICE (5): array (
  'controller' => 'DemoPartials',
  'action' => '1_Data_binding_basics.html',
  'module' => 'default',
)
2015-09-04T17:45:14+00:00 NOTICE (5): Page not found
2015-09-04T17:45:14+00:00 NOTICE (5): Invalid controller specified (DemoPartials)
2015-09-04T17:45:14+00:00 NOTICE (5): #0 /var/www/ZendTestProject/library/Zend/Controller/Front.php(954): Zend_Controller_Dispatcher_Standard->dispatch(Object(Zend_Controller_Request_Http), Object(Zend_Controller_Response_Http))
#1 /var/www/ZendTestProject/library/Zend/Application/Bootstrap/Bootstrap.php(97): Zend_Controller_Front->dispatch()
#2 /var/www/ZendTestProject/library/Zend/Application.php(366): Zend_Application_Bootstrap_Bootstrap->run()
#3 /var/www/ZendTestProject/public/index.php(25): Zend_Application->run()
#4 {main}
2015-09-04T17:45:14+00:00 NOTICE (5): array (
  'controller' => 'DemoPartials',
  'action' => '2_Looping_with_ng-repeat.html',
  'module' => 'default',
)
2015-09-04T17:45:15+00:00 NOTICE (5): Page not found
2015-09-04T17:45:15+00:00 NOTICE (5): Invalid controller specified (DemoPartials)
2015-09-04T17:45:15+00:00 NOTICE (5): #0 /var/www/ZendTestProject/library/Zend/Controller/Front.php(954): Zend_Controller_Dispatcher_Standard->dispatch(Object(Zend_Controller_Request_Http), Object(Zend_Controller_Response_Http))
#1 /var/www/ZendTestProject/library/Zend/Application/Bootstrap/Bootstrap.php(97): Zend_Controller_Front->dispatch()
#2 /var/www/ZendTestProject/library/Zend/Application.php(366): Zend_Application_Bootstrap_Bootstrap->run()
#3 /var/www/ZendTestProject/public/index.php(25): Zend_Application->run()
#4 {main}
2015-09-04T17:45:15+00:00 NOTICE (5): array (
  'controller' => 'DemoPartials',
  'action' => '3_Adding_a_Simple_Controller.html',
  'module' => 'default',
)
2015-09-04T17:45:15+00:00 NOTICE (5): Page not found
2015-09-04T17:45:15+00:00 NOTICE (5): Invalid controller specified (DemoPartials)
2015-09-04T17:45:15+00:00 NOTICE (5): #0 /var/www/ZendTestProject/library/Zend/Controller/Front.php(954): Zend_Controller_Dispatcher_Standard->dispatch(Object(Zend_Controller_Request_Http), Object(Zend_Controller_Response_Http))
#1 /var/www/ZendTestProject/library/Zend/Application/Bootstrap/Bootstrap.php(97): Zend_Controller_Front->dispatch()
#2 /var/www/ZendTestProject/library/Zend/Application.php(366): Zend_Application_Bootstrap_Bootstrap->run()
#3 /var/www/ZendTestProject/public/index.php(25): Zend_Application->run()
#4 {main}
2015-09-04T17:45:15+00:00 NOTICE (5): array (
  'controller' => 'DemoPartials',
  'action' => '5_Filtering_and_Sorting_Data.html',
  'module' => 'default',
)
2015-09-04T17:45:16+00:00 NOTICE (5): Page not found
2015-09-04T17:45:16+00:00 NOTICE (5): Invalid controller specified (DemoPartials)
2015-09-04T17:45:16+00:00 NOTICE (5): #0 /var/www/ZendTestProject/library/Zend/Controller/Front.php(954): Zend_Controller_Dispatcher_Standard->dispatch(Object(Zend_Controller_Request_Http), Object(Zend_Controller_Response_Http))
#1 /var/www/ZendTestProject/library/Zend/Application/Bootstrap/Bootstrap.php(97): Zend_Controller_Front->dispatch()
#2 /var/www/ZendTestProject/library/Zend/Application.php(366): Zend_Application_Bootstrap_Bootstrap->run()
#3 /var/www/ZendTestProject/public/index.php(25): Zend_Application->run()
#4 {main}
2015-09-04T17:45:16+00:00 NOTICE (5): array (
  'controller' => 'DemoPartials',
  'action' => '8_Module-Controller-Factory.html',
  'module' => 'default',
)
2015-09-04T17:45:25+00:00 NOTICE (5): Page not found
2015-09-04T17:45:25+00:00 NOTICE (5): Invalid controller specified (app)
2015-09-04T17:45:25+00:00 NOTICE (5): #0 /var/www/ZendTestProject/library/Zend/Controller/Front.php(954): Zend_Controller_Dispatcher_Standard->dispatch(Object(Zend_Controller_Request_Http), Object(Zend_Controller_Response_Http))
#1 /var/www/ZendTestProject/library/Zend/Application/Bootstrap/Bootstrap.php(97): Zend_Controller_Front->dispatch()
#2 /var/www/ZendTestProject/library/Zend/Application.php(366): Zend_Application_Bootstrap_Bootstrap->run()
#3 /var/www/ZendTestProject/public/index.php(25): Zend_Application->run()
#4 {main}
2015-09-04T17:45:25+00:00 NOTICE (5): array (
  'controller' => 'app',
  'action' => 'partials',
  'module' => 'default',
)
2015-09-04T17:45:28+00:00 NOTICE (5): Page not found
2015-09-04T17:45:28+00:00 NOTICE (5): Invalid controller specified (app)
2015-09-04T17:45:28+00:00 NOTICE (5): #0 /var/www/ZendTestProject/library/Zend/Controller/Front.php(954): Zend_Controller_Dispatcher_Standard->dispatch(Object(Zend_Controller_Request_Http), Object(Zend_Controller_Response_Http))
#1 /var/www/ZendTestProject/library/Zend/Application/Bootstrap/Bootstrap.php(97): Zend_Controller_Front->dispatch()
#2 /var/www/ZendTestProject/library/Zend/Application.php(366): Zend_Application_Bootstrap_Bootstrap->run()
#3 /var/www/ZendTestProject/public/index.php(25): Zend_Application->run()
#4 {main}
2015-09-04T17:45:28+00:00 NOTICE (5): array (
  'controller' => 'app',
  'action' => 'partials',
  'module' => 'default',
)
2015-09-04T17:45:29+00:00 NOTICE (5): Page not found
2015-09-04T17:45:29+00:00 NOTICE (5): Invalid controller specified (app)
2015-09-04T17:45:29+00:00 NOTICE (5): #0 /var/www/ZendTestProject/library/Zend/Controller/Front.php(954): Zend_Controller_Dispatcher_Standard->dispatch(Object(Zend_Controller_Request_Http), Object(Zend_Controller_Response_Http))
#1 /var/www/ZendTestProject/library/Zend/Application/Bootstrap/Bootstrap.php(97): Zend_Controller_Front->dispatch()
#2 /var/www/ZendTestProject/library/Zend/Application.php(366): Zend_Application_Bootstrap_Bootstrap->run()
#3 /var/www/ZendTestProject/public/index.php(25): Zend_Application->run()
#4 {main}
2015-09-04T17:45:29+00:00 NOTICE (5): array (
  'controller' => 'app',
  'action' => 'partials',
  'module' => 'default',
)
2015-09-04T17:45:30+00:00 NOTICE (5): Page not found
2015-09-04T17:45:30+00:00 NOTICE (5): Invalid controller specified (app)
2015-09-04T17:45:30+00:00 NOTICE (5): #0 /var/www/ZendTestProject/library/Zend/Controller/Front.php(954): Zend_Controller_Dispatcher_Standard->dispatch(Object(Zend_Controller_Request_Http), Object(Zend_Controller_Response_Http))
#1 /var/www/ZendTestProject/library/Zend/Application/Bootstrap/Bootstrap.php(97): Zend_Controller_Front->dispatch()
#2 /var/www/ZendTestProject/library/Zend/Application.php(366): Zend_Application_Bootstrap_Bootstrap->run()
#3 /var/www/ZendTestProject/public/index.php(25): Zend_Application->run()
#4 {main}
2015-09-04T17:45:30+00:00 NOTICE (5): array (
  'controller' => 'app',
  'action' => 'partials',
  'module' => 'default',
)
2015-09-04T17:45:31+00:00 NOTICE (5): Page not found
2015-09-04T17:45:31+00:00 NOTICE (5): Invalid controller specified (app)
2015-09-04T17:45:31+00:00 NOTICE (5): #0 /var/www/ZendTestProject/library/Zend/Controller/Front.php(954): Zend_Controller_Dispatcher_Standard->dispatch(Object(Zend_Controller_Request_Http), Object(Zend_Controller_Response_Http))
#1 /var/www/ZendTestProject/library/Zend/Application/Bootstrap/Bootstrap.php(97): Zend_Controller_Front->dispatch()
#2 /var/www/ZendTestProject/library/Zend/Application.php(366): Zend_Application_Bootstrap_Bootstrap->run()
#3 /var/www/ZendTestProject/public/index.php(25): Zend_Application->run()
#4 {main}
2015-09-04T17:45:31+00:00 NOTICE (5): array (
  'controller' => 'app',
  'action' => 'partials',
  'module' => 'default',
)
2015-09-04T17:45:32+00:00 NOTICE (5): Page not found
2015-09-04T17:45:32+00:00 NOTICE (5): Invalid controller specified (app)
2015-09-04T17:45:32+00:00 NOTICE (5): #0 /var/www/ZendTestProject/library/Zend/Controller/Front.php(954): Zend_Controller_Dispatcher_Standard->dispatch(Object(Zend_Controller_Request_Http), Object(Zend_Controller_Response_Http))
#1 /var/www/ZendTestProject/library/Zend/Application/Bootstrap/Bootstrap.php(97): Zend_Controller_Front->dispatch()
#2 /var/www/ZendTestProject/library/Zend/Application.php(366): Zend_Application_Bootstrap_Bootstrap->run()
#3 /var/www/ZendTestProject/public/index.php(25): Zend_Application->run()
#4 {main}
2015-09-04T17:45:32+00:00 NOTICE (5): array (
  'controller' => 'app',
  'action' => 'partials',
  'module' => 'default',
)
2015-09-04T17:45:33+00:00 NOTICE (5): Page not found
2015-09-04T17:45:33+00:00 NOTICE (5): Invalid controller specified (app)
2015-09-04T17:45:33+00:00 NOTICE (5): #0 /var/www/ZendTestProject/library/Zend/Controller/Front.php(954): Zend_Controller_Dispatcher_Standard->dispatch(Object(Zend_Controller_Request_Http), Object(Zend_Controller_Response_Http))
#1 /var/www/ZendTestProject/library/Zend/Application/Bootstrap/Bootstrap.php(97): Zend_Controller_Front->dispatch()
#2 /var/www/ZendTestProject/library/Zend/Application.php(366): Zend_Application_Bootstrap_Bootstrap->run()
#3 /var/www/ZendTestProject/public/index.php(25): Zend_Application->run()
#4 {main}
2015-09-04T17:45:33+00:00 NOTICE (5): array (
  'controller' => 'app',
  'action' => 'partials',
  'module' => 'default',
)
2015-09-04T17:45:34+00:00 NOTICE (5): Page not found
2015-09-04T17:45:34+00:00 NOTICE (5): Invalid controller specified (app)
2015-09-04T17:45:34+00:00 NOTICE (5): #0 /var/www/ZendTestProject/library/Zend/Controller/Front.php(954): Zend_Controller_Dispatcher_Standard->dispatch(Object(Zend_Controller_Request_Http), Object(Zend_Controller_Response_Http))
#1 /var/www/ZendTestProject/library/Zend/Application/Bootstrap/Bootstrap.php(97): Zend_Controller_Front->dispatch()
#2 /var/www/ZendTestProject/library/Zend/Application.php(366): Zend_Application_Bootstrap_Bootstrap->run()
#3 /var/www/ZendTestProject/public/index.php(25): Zend_Application->run()
#4 {main}
2015-09-04T17:45:34+00:00 NOTICE (5): array (
  'controller' => 'app',
  'action' => 'partials',
  'module' => 'default',
)
2015-09-04T17:45:35+00:00 NOTICE (5): Page not found
2015-09-04T17:45:35+00:00 NOTICE (5): Invalid controller specified (app)
2015-09-04T17:45:35+00:00 NOTICE (5): #0 /var/www/ZendTestProject/library/Zend/Controller/Front.php(954): Zend_Controller_Dispatcher_Standard->dispatch(Object(Zend_Controller_Request_Http), Object(Zend_Controller_Response_Http))
#1 /var/www/ZendTestProject/library/Zend/Application/Bootstrap/Bootstrap.php(97): Zend_Controller_Front->dispatch()
#2 /var/www/ZendTestProject/library/Zend/Application.php(366): Zend_Application_Bootstrap_Bootstrap->run()
#3 /var/www/ZendTestProject/public/index.php(25): Zend_Application->run()
#4 {main}
2015-09-04T17:45:35+00:00 NOTICE (5): array (
  'controller' => 'app',
  'action' => 'partials',
  'module' => 'default',
)
2015-09-04T17:45:35+00:00 NOTICE (5): Page not found
2015-09-04T17:45:35+00:00 NOTICE (5): Invalid controller specified (app)
2015-09-04T17:45:35+00:00 NOTICE (5): #0 /var/www/ZendTestProject/library/Zend/Controller/Front.php(954): Zend_Controller_Dispatcher_Standard->dispatch(Object(Zend_Controller_Request_Http), Object(Zend_Controller_Response_Http))
#1 /var/www/ZendTestProject/library/Zend/Application/Bootstrap/Bootstrap.php(97): Zend_Controller_Front->dispatch()
#2 /var/www/ZendTestProject/library/Zend/Application.php(366): Zend_Application_Bootstrap_Bootstrap->run()
#3 /var/www/ZendTestProject/public/index.php(25): Zend_Application->run()
#4 {main}
2015-09-04T17:45:35+00:00 NOTICE (5): array (
  'controller' => 'app',
  'action' => 'partials',
  'module' => 'default',
)
2015-09-04T17:50:22+00:00 NOTICE (5): Page not found
2015-09-04T17:50:22+00:00 NOTICE (5): Page not found
2015-09-04T17:50:22+00:00 NOTICE (5): Page not found
2015-09-04T17:50:22+00:00 NOTICE (5): Page not found
2015-09-04T17:50:22+00:00 NOTICE (5): Invalid controller specified (Content)
2015-09-04T17:50:22+00:00 NOTICE (5): Invalid controller specified (Content)
2015-09-04T17:50:22+00:00 NOTICE (5): #0 /var/www/ZendTestProject/library/Zend/Controller/Front.php(954): Zend_Controller_Dispatcher_Standard->dispatch(Object(Zend_Controller_Request_Http), Object(Zend_Controller_Response_Http))
#1 /var/www/ZendTestProject/library/Zend/Application/Bootstrap/Bootstrap.php(97): Zend_Controller_Front->dispatch()
#2 /var/www/ZendTestProject/library/Zend/Application.php(366): Zend_Application_Bootstrap_Bootstrap->run()
#3 /var/www/ZendTestProject/public/index.php(25): Zend_Application->run()
#4 {main}
2015-09-04T17:50:22+00:00 NOTICE (5): array (
  'controller' => 'Content',
  'action' => 'Images',
  'module' => 'default',
)
2015-09-04T17:50:22+00:00 NOTICE (5): Page not found
2015-09-04T17:50:22+00:00 NOTICE (5): Invalid controller specified (Content)
2015-09-04T17:50:22+00:00 NOTICE (5): #0 /var/www/ZendTestProject/library/Zend/Controller/Front.php(954): Zend_Controller_Dispatcher_Standard->dispatch(Object(Zend_Controller_Request_Http), Object(Zend_Controller_Response_Http))
#1 /var/www/ZendTestProject/library/Zend/Application/Bootstrap/Bootstrap.php(97): Zend_Controller_Front->dispatch()
#2 /var/www/ZendTestProject/library/Zend/Application.php(366): Zend_Application_Bootstrap_Bootstrap->run()
#3 /var/www/ZendTestProject/public/index.php(25): Zend_Application->run()
#4 {main}
2015-09-04T17:50:22+00:00 NOTICE (5): Invalid controller specified (Content)
2015-09-04T17:50:22+00:00 NOTICE (5): array (
  'controller' => 'Content',
  'action' => 'bootstrap.min.css',
  'module' => 'default',
)
2015-09-04T17:50:22+00:00 NOTICE (5): #0 /var/www/ZendTestProject/library/Zend/Controller/Front.php(954): Zend_Controller_Dispatcher_Standard->dispatch(Object(Zend_Controller_Request_Http), Object(Zend_Controller_Response_Http))
#1 /var/www/ZendTestProject/library/Zend/Application/Bootstrap/Bootstrap.php(97): Zend_Controller_Front->dispatch()
#2 /var/www/ZendTestProject/library/Zend/Application.php(366): Zend_Application_Bootstrap_Bootstrap->run()
#3 /var/www/ZendTestProject/public/index.php(25): Zend_Application->run()
#4 {main}
2015-09-04T17:50:22+00:00 NOTICE (5): Page not found
2015-09-04T17:50:22+00:00 NOTICE (5): #0 /var/www/ZendTestProject/library/Zend/Controller/Front.php(954): Zend_Controller_Dispatcher_Standard->dispatch(Object(Zend_Controller_Request_Http), Object(Zend_Controller_Response_Http))
#1 /var/www/ZendTestProject/library/Zend/Application/Bootstrap/Bootstrap.php(97): Zend_Controller_Front->dispatch()
#2 /var/www/ZendTestProject/library/Zend/Application.php(366): Zend_Application_Bootstrap_Bootstrap->run()
#3 /var/www/ZendTestProject/public/index.php(25): Zend_Application->run()
#4 {main}
2015-09-04T17:50:22+00:00 NOTICE (5): Invalid controller specified (Scripts)
2015-09-04T17:50:22+00:00 NOTICE (5): array (
  'controller' => 'Content',
  'action' => 'bootstrap-responsive.min.css',
  'module' => 'default',
)
2015-09-04T17:50:22+00:00 NOTICE (5): array (
  'controller' => 'Content',
  'action' => 'customerManagementStyles.css',
  'module' => 'default',
)
2015-09-04T17:50:22+00:00 NOTICE (5): #0 /var/www/ZendTestProject/library/Zend/Controller/Front.php(954): Zend_Controller_Dispatcher_Standard->dispatch(Object(Zend_Controller_Request_Http), Object(Zend_Controller_Response_Http))
#1 /var/www/ZendTestProject/library/Zend/Application/Bootstrap/Bootstrap.php(97): Zend_Controller_Front->dispatch()
#2 /var/www/ZendTestProject/library/Zend/Application.php(366): Zend_Application_Bootstrap_Bootstrap->run()
#3 /var/www/ZendTestProject/public/index.php(25): Zend_Application->run()
#4 {main}
2015-09-04T17:50:22+00:00 NOTICE (5): Invalid controller specified (Scripts)
2015-09-04T17:50:22+00:00 NOTICE (5): array (
  'controller' => 'Scripts',
  'action' => 'angular.js',
  'module' => 'default',
)
2015-09-04T17:50:22+00:00 NOTICE (5): #0 /var/www/ZendTestProject/library/Zend/Controller/Front.php(954): Zend_Controller_Dispatcher_Standard->dispatch(Object(Zend_Controller_Request_Http), Object(Zend_Controller_Response_Http))
#1 /var/www/ZendTestProject/library/Zend/Application/Bootstrap/Bootstrap.php(97): Zend_Controller_Front->dispatch()
#2 /var/www/ZendTestProject/library/Zend/Application.php(366): Zend_Application_Bootstrap_Bootstrap->run()
#3 /var/www/ZendTestProject/public/index.php(25): Zend_Application->run()
#4 {main}
2015-09-04T17:50:22+00:00 NOTICE (5): array (
  'controller' => 'Scripts',
  'action' => 'angular-route.js',
  'module' => 'default',
)
2015-09-04T17:50:22+00:00 NOTICE (5): Page not found
2015-09-04T17:50:22+00:00 NOTICE (5): Invalid controller specified (Scripts)
2015-09-04T17:50:22+00:00 NOTICE (5): #0 /var/www/ZendTestProject/library/Zend/Controller/Front.php(954): Zend_Controller_Dispatcher_Standard->dispatch(Object(Zend_Controller_Request_Http), Object(Zend_Controller_Response_Http))
#1 /var/www/ZendTestProject/library/Zend/Application/Bootstrap/Bootstrap.php(97): Zend_Controller_Front->dispatch()
#2 /var/www/ZendTestProject/library/Zend/Application.php(366): Zend_Application_Bootstrap_Bootstrap->run()
#3 /var/www/ZendTestProject/public/index.php(25): Zend_Application->run()
#4 {main}
2015-09-04T17:50:22+00:00 NOTICE (5): array (
  'controller' => 'Scripts',
  'action' => 'jquery.min.js',
  'module' => 'default',
)
2015-09-04T17:50:22+00:00 NOTICE (5): Page not found
2015-09-04T17:50:22+00:00 NOTICE (5): Invalid controller specified (Scripts)
2015-09-04T17:50:22+00:00 NOTICE (5): #0 /var/www/ZendTestProject/library/Zend/Controller/Front.php(954): Zend_Controller_Dispatcher_Standard->dispatch(Object(Zend_Controller_Request_Http), Object(Zend_Controller_Response_Http))
#1 /var/www/ZendTestProject/library/Zend/Application/Bootstrap/Bootstrap.php(97): Zend_Controller_Front->dispatch()
#2 /var/www/ZendTestProject/library/Zend/Application.php(366): Zend_Application_Bootstrap_Bootstrap->run()
#3 /var/www/ZendTestProject/public/index.php(25): Zend_Application->run()
#4 {main}
2015-09-04T17:50:22+00:00 NOTICE (5): array (
  'controller' => 'Scripts',
  'action' => 'bootstrap.js',
  'module' => 'default',
)
2015-09-04T17:50:22+00:00 NOTICE (5): Page not found
2015-09-04T17:50:22+00:00 NOTICE (5): Invalid controller specified (Scripts)
2015-09-04T17:50:22+00:00 NOTICE (5): #0 /var/www/ZendTestProject/library/Zend/Controller/Front.php(954): Zend_Controller_Dispatcher_Standard->dispatch(Object(Zend_Controller_Request_Http), Object(Zend_Controller_Response_Http))
#1 /var/www/ZendTestProject/library/Zend/Application/Bootstrap/Bootstrap.php(97): Zend_Controller_Front->dispatch()
#2 /var/www/ZendTestProject/library/Zend/Application.php(366): Zend_Application_Bootstrap_Bootstrap->run()
#3 /var/www/ZendTestProject/public/index.php(25): Zend_Application->run()
#4 {main}
2015-09-04T17:50:22+00:00 NOTICE (5): array (
  'controller' => 'Scripts',
  'action' => 'angular-route.js',
  'module' => 'default',
)
2015-09-04T17:50:22+00:00 NOTICE (5): Page not found
2015-09-04T17:50:22+00:00 NOTICE (5): Invalid controller specified (Scripts)
2015-09-04T17:50:22+00:00 NOTICE (5): #0 /var/www/ZendTestProject/library/Zend/Controller/Front.php(954): Zend_Controller_Dispatcher_Standard->dispatch(Object(Zend_Controller_Request_Http), Object(Zend_Controller_Response_Http))
#1 /var/www/ZendTestProject/library/Zend/Application/Bootstrap/Bootstrap.php(97): Zend_Controller_Front->dispatch()
#2 /var/www/ZendTestProject/library/Zend/Application.php(366): Zend_Application_Bootstrap_Bootstrap->run()
#3 /var/www/ZendTestProject/public/index.php(25): Zend_Application->run()
#4 {main}
2015-09-04T17:50:22+00:00 NOTICE (5): array (
  'controller' => 'Scripts',
  'action' => 'jquery.min.js',
  'module' => 'default',
)
2015-09-04T17:51:28+00:00 NOTICE (5): Page not found
2015-09-04T17:51:28+00:00 NOTICE (5): Page not found
2015-09-04T17:51:28+00:00 NOTICE (5): Invalid controller specified (Content)
2015-09-04T17:51:28+00:00 NOTICE (5): Invalid controller specified (Content)
2015-09-04T17:51:28+00:00 NOTICE (5): #0 /var/www/ZendTestProject/library/Zend/Controller/Front.php(954): Zend_Controller_Dispatcher_Standard->dispatch(Object(Zend_Controller_Request_Http), Object(Zend_Controller_Response_Http))
#1 /var/www/ZendTestProject/library/Zend/Application/Bootstrap/Bootstrap.php(97): Zend_Controller_Front->dispatch()
#2 /var/www/ZendTestProject/library/Zend/Application.php(366): Zend_Application_Bootstrap_Bootstrap->run()
#3 /var/www/ZendTestProject/public/index.php(25): Zend_Application->run()
#4 {main}
2015-09-04T17:51:28+00:00 NOTICE (5): array (
  'controller' => 'Content',
  'action' => 'bootstrap-responsive.min.css',
  'module' => 'default',
)
2015-09-04T17:51:28+00:00 NOTICE (5): #0 /var/www/ZendTestProject/library/Zend/Controller/Front.php(954): Zend_Controller_Dispatcher_Standard->dispatch(Object(Zend_Controller_Request_Http), Object(Zend_Controller_Response_Http))
#1 /var/www/ZendTestProject/library/Zend/Application/Bootstrap/Bootstrap.php(97): Zend_Controller_Front->dispatch()
#2 /var/www/ZendTestProject/library/Zend/Application.php(366): Zend_Application_Bootstrap_Bootstrap->run()
#3 /var/www/ZendTestProject/public/index.php(25): Zend_Application->run()
#4 {main}
2015-09-04T17:51:28+00:00 NOTICE (5): Page not found
2015-09-04T17:51:28+00:00 NOTICE (5): Invalid controller specified (Content)
2015-09-04T17:51:28+00:00 NOTICE (5): array (
  'controller' => 'Content',
  'action' => 'Images',
  'module' => 'default',
)
2015-09-04T17:51:28+00:00 NOTICE (5): Page not found
2015-09-04T17:51:28+00:00 NOTICE (5): #0 /var/www/ZendTestProject/library/Zend/Controller/Front.php(954): Zend_Controller_Dispatcher_Standard->dispatch(Object(Zend_Controller_Request_Http), Object(Zend_Controller_Response_Http))
#1 /var/www/ZendTestProject/library/Zend/Application/Bootstrap/Bootstrap.php(97): Zend_Controller_Front->dispatch()
#2 /var/www/ZendTestProject/library/Zend/Application.php(366): Zend_Application_Bootstrap_Bootstrap->run()
#3 /var/www/ZendTestProject/public/index.php(25): Zend_Application->run()
#4 {main}
2015-09-04T17:51:28+00:00 NOTICE (5): array (
  'controller' => 'Content',
  'action' => 'customerManagementStyles.css',
  'module' => 'default',
)
2015-09-04T17:51:28+00:00 NOTICE (5): Invalid controller specified (Content)
2015-09-04T17:51:28+00:00 NOTICE (5): #0 /var/www/ZendTestProject/library/Zend/Controller/Front.php(954): Zend_Controller_Dispatcher_Standard->dispatch(Object(Zend_Controller_Request_Http), Object(Zend_Controller_Response_Http))
#1 /var/www/ZendTestProject/library/Zend/Application/Bootstrap/Bootstrap.php(97): Zend_Controller_Front->dispatch()
#2 /var/www/ZendTestProject/library/Zend/Application.php(366): Zend_Application_Bootstrap_Bootstrap->run()
#3 /var/www/ZendTestProject/public/index.php(25): Zend_Application->run()
#4 {main}
2015-09-04T17:51:28+00:00 NOTICE (5): array (
  'controller' => 'Content',
  'action' => 'bootstrap.min.css',
  'module' => 'default',
)
2015-09-04T17:51:36+00:00 NOTICE (5): Page not found
2015-09-04T17:51:36+00:00 NOTICE (5): Invalid controller specified (Content)
2015-09-04T17:51:36+00:00 NOTICE (5): #0 /var/www/ZendTestProject/library/Zend/Controller/Front.php(954): Zend_Controller_Dispatcher_Standard->dispatch(Object(Zend_Controller_Request_Http), Object(Zend_Controller_Response_Http))
#1 /var/www/ZendTestProject/library/Zend/Application/Bootstrap/Bootstrap.php(97): Zend_Controller_Front->dispatch()
#2 /var/www/ZendTestProject/library/Zend/Application.php(366): Zend_Application_Bootstrap_Bootstrap->run()
#3 /var/www/ZendTestProject/public/index.php(25): Zend_Application->run()
#4 {main}
2015-09-04T17:51:36+00:00 NOTICE (5): array (
  'controller' => 'Content',
  'action' => 'customerManagementStyles.css',
  'module' => 'default',
)
2015-09-04T17:51:36+00:00 NOTICE (5): Page not found
2015-09-04T17:51:36+00:00 NOTICE (5): Invalid controller specified (Content)
2015-09-04T17:51:36+00:00 NOTICE (5): #0 /var/www/ZendTestProject/library/Zend/Controller/Front.php(954): Zend_Controller_Dispatcher_Standard->dispatch(Object(Zend_Controller_Request_Http), Object(Zend_Controller_Response_Http))
#1 /var/www/ZendTestProject/library/Zend/Application/Bootstrap/Bootstrap.php(97): Zend_Controller_Front->dispatch()
#2 /var/www/ZendTestProject/library/Zend/Application.php(366): Zend_Application_Bootstrap_Bootstrap->run()
#3 /var/www/ZendTestProject/public/index.php(25): Zend_Application->run()
#4 {main}
2015-09-04T17:51:36+00:00 NOTICE (5): array (
  'controller' => 'Content',
  'action' => 'Images',
  'module' => 'default',
)
2015-09-04T17:51:36+00:00 NOTICE (5): Page not found
2015-09-04T17:51:36+00:00 NOTICE (5): Invalid controller specified (Content)
2015-09-04T17:51:36+00:00 NOTICE (5): #0 /var/www/ZendTestProject/library/Zend/Controller/Front.php(954): Zend_Controller_Dispatcher_Standard->dispatch(Object(Zend_Controller_Request_Http), Object(Zend_Controller_Response_Http))
#1 /var/www/ZendTestProject/library/Zend/Application/Bootstrap/Bootstrap.php(97): Zend_Controller_Front->dispatch()
#2 /var/www/ZendTestProject/library/Zend/Application.php(366): Zend_Application_Bootstrap_Bootstrap->run()
#3 /var/www/ZendTestProject/public/index.php(25): Zend_Application->run()
#4 {main}
2015-09-04T17:51:36+00:00 NOTICE (5): array (
  'controller' => 'Content',
  'action' => 'bootstrap-responsive.min.css',
  'module' => 'default',
)
2015-09-04T17:51:36+00:00 NOTICE (5): Page not found
2015-09-04T17:51:36+00:00 NOTICE (5): Invalid controller specified (Content)
2015-09-04T17:51:36+00:00 NOTICE (5): #0 /var/www/ZendTestProject/library/Zend/Controller/Front.php(954): Zend_Controller_Dispatcher_Standard->dispatch(Object(Zend_Controller_Request_Http), Object(Zend_Controller_Response_Http))
#1 /var/www/ZendTestProject/library/Zend/Application/Bootstrap/Bootstrap.php(97): Zend_Controller_Front->dispatch()
#2 /var/www/ZendTestProject/library/Zend/Application.php(366): Zend_Application_Bootstrap_Bootstrap->run()
#3 /var/www/ZendTestProject/public/index.php(25): Zend_Application->run()
#4 {main}
2015-09-04T17:51:36+00:00 NOTICE (5): array (
  'controller' => 'Content',
  'action' => 'bootstrap.min.css',
  'module' => 'default',
)
2015-09-04T18:50:10+00:00 NOTICE (5): Page not found
2015-09-04T18:50:10+00:00 NOTICE (5): Invalid controller specified (app)
2015-09-04T18:50:10+00:00 NOTICE (5): #0 /var/www/ZendTestProject/library/Zend/Controller/Front.php(954): Zend_Controller_Dispatcher_Standard->dispatch(Object(Zend_Controller_Request_Http), Object(Zend_Controller_Response_Http))
#1 /var/www/ZendTestProject/library/Zend/Application/Bootstrap/Bootstrap.php(97): Zend_Controller_Front->dispatch()
#2 /var/www/ZendTestProject/library/Zend/Application.php(366): Zend_Application_Bootstrap_Bootstrap->run()
#3 /var/www/ZendTestProject/public/index.php(25): Zend_Application->run()
#4 {main}
2015-09-04T18:50:10+00:00 NOTICE (5): Page not found
2015-09-04T18:50:10+00:00 NOTICE (5): Invalid controller specified (app)
2015-09-04T18:50:10+00:00 NOTICE (5): #0 /var/www/ZendTestProject/library/Zend/Controller/Front.php(954): Zend_Controller_Dispatcher_Standard->dispatch(Object(Zend_Controller_Request_Http), Object(Zend_Controller_Response_Http))
#1 /var/www/ZendTestProject/library/Zend/Application/Bootstrap/Bootstrap.php(97): Zend_Controller_Front->dispatch()
#2 /var/www/ZendTestProject/library/Zend/Application.php(366): Zend_Application_Bootstrap_Bootstrap->run()
#3 /var/www/ZendTestProject/public/index.php(25): Zend_Application->run()
#4 {main}
2015-09-04T18:50:10+00:00 NOTICE (5): array (
  'controller' => 'app',
  'action' => 'service.js',
  'module' => 'default',
)
2015-09-04T18:50:10+00:00 NOTICE (5): array (
  'controller' => 'app',
  'action' => 'directive.js',
  'module' => 'default',
)
2015-09-04T18:50:10+00:00 NOTICE (5): Page not found
2015-09-04T18:50:10+00:00 NOTICE (5): Invalid controller specified (app)
2015-09-04T18:50:10+00:00 NOTICE (5): #0 /var/www/ZendTestProject/library/Zend/Controller/Front.php(954): Zend_Controller_Dispatcher_Standard->dispatch(Object(Zend_Controller_Request_Http), Object(Zend_Controller_Response_Http))
#1 /var/www/ZendTestProject/library/Zend/Application/Bootstrap/Bootstrap.php(97): Zend_Controller_Front->dispatch()
#2 /var/www/ZendTestProject/library/Zend/Application.php(366): Zend_Application_Bootstrap_Bootstrap->run()
#3 /var/www/ZendTestProject/public/index.php(25): Zend_Application->run()
#4 {main}
2015-09-04T18:50:10+00:00 NOTICE (5): array (
  'controller' => 'app',
  'action' => 'controller.js',
  'module' => 'default',
)
2015-09-04T18:50:48+00:00 NOTICE (5): Page not found
2015-09-04T18:50:48+00:00 NOTICE (5): Invalid controller specified (app)
2015-09-04T18:50:48+00:00 NOTICE (5): #0 /var/www/ZendTestProject/library/Zend/Controller/Front.php(954): Zend_Controller_Dispatcher_Standard->dispatch(Object(Zend_Controller_Request_Http), Object(Zend_Controller_Response_Http))
#1 /var/www/ZendTestProject/library/Zend/Application/Bootstrap/Bootstrap.php(97): Zend_Controller_Front->dispatch()
#2 /var/www/ZendTestProject/library/Zend/Application.php(366): Zend_Application_Bootstrap_Bootstrap->run()
#3 /var/www/ZendTestProject/public/index.php(25): Zend_Application->run()
#4 {main}
2015-09-04T18:50:48+00:00 NOTICE (5): array (
  'controller' => 'app',
  'action' => 'directive.js',
  'module' => 'default',
)
2015-09-04T19:23:55+00:00 CRIT (2): Application error
2015-09-04T19:23:55+00:00 CRIT (2): script 'api/index.phtml' not found in path (/var/www/ZendTestProject/application/views/scripts/)
2015-09-04T19:23:55+00:00 CRIT (2): #0 /var/www/ZendTestProject/library/Zend/View/Abstract.php(884): Zend_View_Abstract->_script('api/index.phtml')
#1 /var/www/ZendTestProject/library/Zend/Controller/Action/Helper/ViewRenderer.php(900): Zend_View_Abstract->render('api/index.phtml')
#2 /var/www/ZendTestProject/library/Zend/Controller/Action/Helper/ViewRenderer.php(921): Zend_Controller_Action_Helper_ViewRenderer->renderScript('api/index.phtml', NULL)
#3 /var/www/ZendTestProject/library/Zend/Controller/Action/Helper/ViewRenderer.php(960): Zend_Controller_Action_Helper_ViewRenderer->render()
#4 /var/www/ZendTestProject/library/Zend/Controller/Action/HelperBroker.php(277): Zend_Controller_Action_Helper_ViewRenderer->postDispatch()
#5 /var/www/ZendTestProject/library/Zend/Controller/Action.php(527): Zend_Controller_Action_HelperBroker->notifyPostDispatch()
#6 /var/www/ZendTestProject/library/Zend/Controller/Dispatcher/Standard.php(308): Zend_Controller_Action->dispatch('indexAction')
#7 /var/www/ZendTestProject/library/Zend/Controller/Front.php(954): Zend_Controller_Dispatcher_Standard->dispatch(Object(Zend_Controller_Request_Http), Object(Zend_Controller_Response_Http))
#8 /var/www/ZendTestProject/library/Zend/Application/Bootstrap/Bootstrap.php(97): Zend_Controller_Front->dispatch()
#9 /var/www/ZendTestProject/library/Zend/Application.php(366): Zend_Application_Bootstrap_Bootstrap->run()
#10 /var/www/ZendTestProject/public/index.php(25): Zend_Application->run()
#11 {main}
2015-09-04T19:23:55+00:00 CRIT (2): array (
  'controller' => 'api',
  'action' => 'index',
  'module' => 'default',
)
2015-09-04T19:37:10+00:00 NOTICE (5): Page not found
2015-09-04T19:37:10+00:00 NOTICE (5): Invalid controller specified (view)
2015-09-04T19:37:10+00:00 NOTICE (5): #0 /var/www/ZendTestProject/library/Zend/Controller/Front.php(954): Zend_Controller_Dispatcher_Standard->dispatch(Object(Zend_Controller_Request_Http), Object(Zend_Controller_Response_Http))
#1 /var/www/ZendTestProject/library/Zend/Application/Bootstrap/Bootstrap.php(97): Zend_Controller_Front->dispatch()
#2 /var/www/ZendTestProject/library/Zend/Application.php(366): Zend_Application_Bootstrap_Bootstrap->run()
#3 /var/www/ZendTestProject/public/index.php(25): Zend_Application->run()
#4 {main}
2015-09-04T19:37:10+00:00 NOTICE (5): array (
  'controller' => 'view',
  'action' => 'upload.html',
  'module' => 'default',
)
2015-09-04T19:37:15+00:00 NOTICE (5): Page not found
2015-09-04T19:37:15+00:00 NOTICE (5): Invalid controller specified (view)
2015-09-04T19:37:15+00:00 NOTICE (5): #0 /var/www/ZendTestProject/library/Zend/Controller/Front.php(954): Zend_Controller_Dispatcher_Standard->dispatch(Object(Zend_Controller_Request_Http), Object(Zend_Controller_Response_Http))
#1 /var/www/ZendTestProject/library/Zend/Application/Bootstrap/Bootstrap.php(97): Zend_Controller_Front->dispatch()
#2 /var/www/ZendTestProject/library/Zend/Application.php(366): Zend_Application_Bootstrap_Bootstrap->run()
#3 /var/www/ZendTestProject/public/index.php(25): Zend_Application->run()
#4 {main}
2015-09-04T19:37:15+00:00 NOTICE (5): array (
  'controller' => 'view',
  'action' => 'preview.html',
  'module' => 'default',
)
2015-09-04T19:37:19+00:00 NOTICE (5): Page not found
2015-09-04T19:37:19+00:00 NOTICE (5): Invalid controller specified (view)
2015-09-04T19:37:19+00:00 NOTICE (5): #0 /var/www/ZendTestProject/library/Zend/Controller/Front.php(954): Zend_Controller_Dispatcher_Standard->dispatch(Object(Zend_Controller_Request_Http), Object(Zend_Controller_Response_Http))
#1 /var/www/ZendTestProject/library/Zend/Application/Bootstrap/Bootstrap.php(97): Zend_Controller_Front->dispatch()
#2 /var/www/ZendTestProject/library/Zend/Application.php(366): Zend_Application_Bootstrap_Bootstrap->run()
#3 /var/www/ZendTestProject/public/index.php(25): Zend_Application->run()
#4 {main}
2015-09-04T19:37:19+00:00 NOTICE (5): array (
  'controller' => 'view',
  'action' => 'mapping.html',
  'module' => 'default',
)
2015-09-04T19:37:23+00:00 NOTICE (5): Page not found
2015-09-04T19:37:23+00:00 NOTICE (5): Invalid controller specified (view)
2015-09-04T19:37:23+00:00 NOTICE (5): #0 /var/www/ZendTestProject/library/Zend/Controller/Front.php(954): Zend_Controller_Dispatcher_Standard->dispatch(Object(Zend_Controller_Request_Http), Object(Zend_Controller_Response_Http))
#1 /var/www/ZendTestProject/library/Zend/Application/Bootstrap/Bootstrap.php(97): Zend_Controller_Front->dispatch()
#2 /var/www/ZendTestProject/library/Zend/Application.php(366): Zend_Application_Bootstrap_Bootstrap->run()
#3 /var/www/ZendTestProject/public/index.php(25): Zend_Application->run()
#4 {main}
2015-09-04T19:37:23+00:00 NOTICE (5): array (
  'controller' => 'view',
  'action' => 'upload.html',
  'module' => 'default',
)
2015-09-04T19:50:07+00:00 NOTICE (5): Page not found
2015-09-04T19:50:07+00:00 NOTICE (5): Action "upload" does not exist and was not trapped in __call()
2015-09-04T19:50:07+00:00 NOTICE (5): #0 /var/www/ZendTestProject/library/Zend/Controller/Action.php(518): Zend_Controller_Action->__call('uploadAction', Array)
#1 /var/www/ZendTestProject/library/Zend/Controller/Dispatcher/Standard.php(308): Zend_Controller_Action->dispatch('uploadAction')
#2 /var/www/ZendTestProject/library/Zend/Controller/Front.php(954): Zend_Controller_Dispatcher_Standard->dispatch(Object(Zend_Controller_Request_Http), Object(Zend_Controller_Response_Http))
#3 /var/www/ZendTestProject/library/Zend/Application/Bootstrap/Bootstrap.php(97): Zend_Controller_Front->dispatch()
#4 /var/www/ZendTestProject/library/Zend/Application.php(366): Zend_Application_Bootstrap_Bootstrap->run()
#5 /var/www/ZendTestProject/public/index.php(25): Zend_Application->run()
#6 {main}
2015-09-04T19:50:07+00:00 NOTICE (5): array (
  'controller' => 'api',
  'action' => 'upload',
  'module' => 'default',
)
2015-09-05T13:16:33+00:00 CRIT (2): Application error
2015-09-05T13:16:33+00:00 CRIT (2): Method "appendStyleSheet" does not exist
2015-09-05T13:16:33+00:00 CRIT (2): #0 /var/www/ZendTestProject/library/Zend/View/Helper/HeadLink.php(178): Zend_View_Helper_Placeholder_Container_Standalone->__call('appendStyleShee...', Array)
#1 /var/www/ZendTestProject/application/controllers/IndexController.php(30): Zend_View_Helper_HeadLink->__call('appendStyleShee...', Array)
#2 /var/www/ZendTestProject/application/controllers/IndexController.php(30): Zend_View_Helper_HeadLink->appendStyleSheet('/lib/xeditable....')
#3 /var/www/ZendTestProject/library/Zend/Controller/Action.php(516): IndexController->indexAction()
#4 /var/www/ZendTestProject/library/Zend/Controller/Dispatcher/Standard.php(308): Zend_Controller_Action->dispatch('indexAction')
#5 /var/www/ZendTestProject/library/Zend/Controller/Front.php(954): Zend_Controller_Dispatcher_Standard->dispatch(Object(Zend_Controller_Request_Http), Object(Zend_Controller_Response_Http))
#6 /var/www/ZendTestProject/library/Zend/Application/Bootstrap/Bootstrap.php(97): Zend_Controller_Front->dispatch()
#7 /var/www/ZendTestProject/library/Zend/Application.php(366): Zend_Application_Bootstrap_Bootstrap->run()
#8 /var/www/ZendTestProject/public/index.php(25): Zend_Application->run()
#9 {main}
2015-09-05T13:16:33+00:00 CRIT (2): array (
  'controller' => 'index',
  'action' => 'index',
  'module' => 'default',
)
2015-09-07T13:16:17+00:00 NOTICE (5): Page not found
2015-09-07T13:16:17+00:00 NOTICE (5): Invalid controller specified (favicon.ico)
2015-09-07T13:16:17+00:00 NOTICE (5): #0 /var/www/ZendTestProject/library/Zend/Controller/Front.php(954): Zend_Controller_Dispatcher_Standard->dispatch(Object(Zend_Controller_Request_Http), Object(Zend_Controller_Response_Http))
#1 /var/www/ZendTestProject/library/Zend/Application/Bootstrap/Bootstrap.php(97): Zend_Controller_Front->dispatch()
#2 /var/www/ZendTestProject/library/Zend/Application.php(366): Zend_Application_Bootstrap_Bootstrap->run()
#3 /var/www/ZendTestProject/public/index.php(25): Zend_Application->run()
#4 {main}
2015-09-07T13:16:17+00:00 NOTICE (5): array (
  'controller' => 'favicon.ico',
  'action' => 'index',
  'module' => 'default',
)
2015-09-07T19:37:39+00:00 NOTICE (5): Page not found
2015-09-07T19:37:39+00:00 NOTICE (5): Invalid controller specified (favicon.ico)
2015-09-07T19:37:39+00:00 NOTICE (5): #0 /var/www/ZendTestProject/library/Zend/Controller/Front.php(954): Zend_Controller_Dispatcher_Standard->dispatch(Object(Zend_Controller_Request_Http), Object(Zend_Controller_Response_Http))
#1 /var/www/ZendTestProject/library/Zend/Application/Bootstrap/Bootstrap.php(97): Zend_Controller_Front->dispatch()
#2 /var/www/ZendTestProject/library/Zend/Application.php(366): Zend_Application_Bootstrap_Bootstrap->run()
#3 /var/www/ZendTestProject/public/index.php(25): Zend_Application->run()
#4 {main}
2015-09-07T19:37:39+00:00 NOTICE (5): array (
  'controller' => 'favicon.ico',
  'action' => 'index',
  'module' => 'default',
)
